<?xml version="1.0" encoding="UTF-8"?>
<testsuite xmlns:xsi="http://www.w3.org/2001/XMLSchema-instance" xsi:noNamespaceSchemaLocation="https://maven.apache.org/surefire/maven-surefire-plugin/xsd/surefire-test-report.xsd" name="TestSuite" time="1.956" tests="4" errors="0" skipped="1" failures="1">
  <properties>
[...]
</properties>
  <testcase name="testAPI" classname="deepti.selenium.project_selenium.AppTest" time="1.408"/>
  <testcase name="failTest" classname="com.selenium.ExtentReportTest.ExtentReportTest" time="0.008">
    <failure message="expected [true] but found [false]" type="java.lang.AssertionError">java.lang.AssertionError: expected [true] but found [false]
	at com.selenium.ExtentReportTest.ExtentReportTest.failTest(ExtentReportTest.java:46)
</failure>
  </testcase>
  <testcase name="passTest" classname="com.selenium.ExtentReportTest.ExtentReportTest" time="0"/>
  <testcase name="skipTest" classname="com.selenium.ExtentReportTest.ExtentReportTest" time="0">
    <skipped message="Skipping - This is not ready for testing "/>
  </testcase>
</testsuite>